\BOOKMARK [1][-]{section.1}{Introduzione}{}% 1
\BOOKMARK [1][-]{section.2}{Cenni Teorici}{}% 2
\BOOKMARK [2][-]{subsection.2.1}{Circuito RC}{section.2}% 3
\BOOKMARK [2][-]{subsection.2.2}{Circuiti forzati e smorzati RLC}{section.2}% 4
\BOOKMARK [2][-]{subsection.2.3}{Quality Factor}{section.2}% 5
\BOOKMARK [2][-]{subsection.2.4}{Oscillatore a reazione con BJT}{section.2}% 6
\BOOKMARK [2][-]{subsection.2.5}{Detezione sincrona}{section.2}% 7
\BOOKMARK [1][-]{section.3}{Metodo e apparato sperimentale}{}% 8
\BOOKMARK [2][-]{subsection.3.1}{Apparato}{section.3}% 9
\BOOKMARK [3][-]{subsubsection.3.1.1}{Circuito RC}{subsection.3.1}% 10
\BOOKMARK [3][-]{subsubsection.3.1.2}{Circuiti RLC}{subsection.3.1}% 11
\BOOKMARK [3][-]{subsubsection.3.1.3}{Oscillatore a reazione con BJT}{subsection.3.1}% 12
\BOOKMARK [1][-]{section.4}{Analisi dati e Risultati}{}% 13
\BOOKMARK [2][-]{subsection.4.1}{Circuito RC}{section.4}% 14
\BOOKMARK [2][-]{subsection.4.2}{Circuiti RLC}{section.4}% 15
\BOOKMARK [2][-]{subsection.4.3}{Oscillatore a reazione con BJT}{section.4}% 16
\BOOKMARK [2][-]{subsection.4.4}{Detezione sincrona}{section.4}% 17
\BOOKMARK [2][-]{subsection.4.5}{Nota sull'implementazione}{section.4}% 18
\BOOKMARK [3][-]{subsubsection.4.5.1}{Filtro outliers}{subsection.4.5}% 19
\BOOKMARK [1][-]{section.5}{Conclusioni}{}% 20
